Started by timer
Running as SYSTEM
Building in workspace /var/jenkins_home/workspace/bankonet tests
No credentials specified
 > git rev-parse --is-inside-work-tree # timeout=10
Fetching changes from the remote Git repository
 > git config remote.origin.url https://github.com/maximeGirma/bankonet.git # timeout=10
Fetching upstream changes from https://github.com/maximeGirma/bankonet.git
 > git --version # timeout=10
 > git fetch --tags --progress -- https://github.com/maximeGirma/bankonet.git +refs/heads/*:refs/remotes/origin/* # timeout=10
 > git rev-parse refs/remotes/origin/master^{commit} # timeout=10
 > git rev-parse refs/remotes/origin/origin/master^{commit} # timeout=10
Checking out Revision 9b385c9577c3fd095d7f586bec0b4bbd6e858a84 (refs/remotes/origin/master)
 > git config core.sparsecheckout # timeout=10
 > git checkout -f 9b385c9577c3fd095d7f586bec0b4bbd6e858a84 # timeout=10
Commit message: "test"
 > git rev-list --no-walk 33cdbf98f5491af8da26723c43eaedf0302b8fc2 # timeout=10
[bankonet tests] $ /var/jenkins_home/tools/hudson.tasks.Maven_MavenInstallation/maven-3.6.3/bin/mvn test
[INFO] Scanning for projects...
[INFO] 
[INFO] ------------------< com.awesomedev.bankonet:bankonet >------------------
[INFO] Building bankonet 1.0-SNAPSHOT
[INFO] --------------------------------[ jar ]---------------------------------
[INFO] 
[8mha:////4L4bwjrYln0e1sEQvBoqDz7RoxLUn+/Xa6sdqisoGiSqAAAAYB+LCAAAAAAAAP9b85aBtbiIQSmjNKU4P0+vJLE4u1gvPjexLDVPzxdEGvvmZ+X75ZekLlOVfvTjc8FPJgaGiiIGKaiG5Py84vycVD1nCA1SyAABjCCFBQCV27OjYAAAAA==[0m[INFO] --- jacoco-maven-plugin:0.7.7.201606060606:prepare-agent (default) @ bankonet ---
[INFO] argLine set to "-javaagent:/var/jenkins_home/.m2/repository/org/jacoco/org.jacoco.agent/0.7.7.201606060606/org.jacoco.agent-0.7.7.201606060606-runtime.jar=destfile=/var/jenkins_home/workspace/bankonet tests/target/jacoco.exec"
[INFO] 
[8mha:////4L4bwjrYln0e1sEQvBoqDz7RoxLUn+/Xa6sdqisoGiSqAAAAYB+LCAAAAAAAAP9b85aBtbiIQSmjNKU4P0+vJLE4u1gvPjexLDVPzxdEGvvmZ+X75ZekLlOVfvTjc8FPJgaGiiIGKaiG5Py84vycVD1nCA1SyAABjCCFBQCV27OjYAAAAA==[0m[INFO] --- maven-resources-plugin:3.1.0:resources (default-resources) @ bankonet ---
[INFO] Using 'UTF-8' encoding to copy filtered resources.
[INFO] skip non existing resourceDirectory /var/jenkins_home/workspace/bankonet tests/src/main/resources
[INFO] skip non existing resourceDirectory /var/jenkins_home/workspace/bankonet tests/src/main/resources
[INFO] 
[8mha:////4L4bwjrYln0e1sEQvBoqDz7RoxLUn+/Xa6sdqisoGiSqAAAAYB+LCAAAAAAAAP9b85aBtbiIQSmjNKU4P0+vJLE4u1gvPjexLDVPzxdEGvvmZ+X75ZekLlOVfvTjc8FPJgaGiiIGKaiG5Py84vycVD1nCA1SyAABjCCFBQCV27OjYAAAAA==[0m[INFO] --- maven-compiler-plugin:3.8.1:compile (default-compile) @ bankonet ---
[INFO] Changes detected - recompiling the module!
[INFO] Compiling 21 source files to /var/jenkins_home/workspace/bankonet tests/target/classes
[INFO] 
[8mha:////4L4bwjrYln0e1sEQvBoqDz7RoxLUn+/Xa6sdqisoGiSqAAAAYB+LCAAAAAAAAP9b85aBtbiIQSmjNKU4P0+vJLE4u1gvPjexLDVPzxdEGvvmZ+X75ZekLlOVfvTjc8FPJgaGiiIGKaiG5Py84vycVD1nCA1SyAABjCCFBQCV27OjYAAAAA==[0m[INFO] --- maven-resources-plugin:3.1.0:testResources (default-testResources) @ bankonet ---
[INFO] Using 'UTF-8' encoding to copy filtered resources.
[INFO] skip non existing resourceDirectory /var/jenkins_home/workspace/bankonet tests/src/test/resources
[INFO] 
[8mha:////4L4bwjrYln0e1sEQvBoqDz7RoxLUn+/Xa6sdqisoGiSqAAAAYB+LCAAAAAAAAP9b85aBtbiIQSmjNKU4P0+vJLE4u1gvPjexLDVPzxdEGvvmZ+X75ZekLlOVfvTjc8FPJgaGiiIGKaiG5Py84vycVD1nCA1SyAABjCCFBQCV27OjYAAAAA==[0m[INFO] --- maven-compiler-plugin:3.8.1:testCompile (default-testCompile) @ bankonet ---
[INFO] Changes detected - recompiling the module!
[INFO] Compiling 6 source files to /var/jenkins_home/workspace/bankonet tests/target/test-classes
[INFO] 
[8mha:////4L4bwjrYln0e1sEQvBoqDz7RoxLUn+/Xa6sdqisoGiSqAAAAYB+LCAAAAAAAAP9b85aBtbiIQSmjNKU4P0+vJLE4u1gvPjexLDVPzxdEGvvmZ+X75ZekLlOVfvTjc8FPJgaGiiIGKaiG5Py84vycVD1nCA1SyAABjCCFBQCV27OjYAAAAA==[0m[INFO] --- maven-surefire-plugin:2.22.2:test (default-test) @ bankonet ---
[INFO] 
[INFO] -------------------------------------------------------
[INFO]  T E S T S
[INFO] -------------------------------------------------------
[INFO] Running com.awesomedev.bankonet.AppTest
[INFO] Tests run: 1, Failures: 0, Errors: 0, Skipped: 0, Time elapsed: 0.103 s - in com.awesomedev.bankonet.AppTest
[INFO] Running com.awesomedev.bankonet.controllers.UserControllerTest
09:45:59.502 [main] DEBUG org.springframework.test.context.junit4.SpringJUnit4ClassRunner - SpringJUnit4ClassRunner constructor called with [class com.awesomedev.bankonet.controllers.UserControllerTest]
09:45:59.537 [main] DEBUG org.springframework.test.context.BootstrapUtils - Instantiating CacheAwareContextLoaderDelegate from class [org.springframework.test.context.cache.DefaultCacheAwareContextLoaderDelegate]
09:45:59.628 [main] DEBUG org.springframework.test.context.BootstrapUtils - Instantiating BootstrapContext using constructor [public org.springframework.test.context.support.DefaultBootstrapContext(java.lang.Class,org.springframework.test.context.CacheAwareContextLoaderDelegate)]
09:45:59.843 [main] DEBUG org.springframework.test.context.BootstrapUtils - Instantiating TestContextBootstrapper for test class [com.awesomedev.bankonet.controllers.UserControllerTest] from class [org.springframework.boot.test.context.SpringBootTestContextBootstrapper]
09:45:59.953 [main] INFO org.springframework.boot.test.context.SpringBootTestContextBootstrapper - Neither @ContextConfiguration nor @ContextHierarchy found for test class [com.awesomedev.bankonet.controllers.UserControllerTest], using SpringBootContextLoader
09:46:00.036 [main] DEBUG org.springframework.test.context.support.AbstractContextLoader - Did not detect default resource location for test class [com.awesomedev.bankonet.controllers.UserControllerTest]: class path resource [com/awesomedev/bankonet/controllers/UserControllerTest-context.xml] does not exist
09:46:00.040 [main] DEBUG org.springframework.test.context.support.AbstractContextLoader - Did not detect default resource location for test class [com.awesomedev.bankonet.controllers.UserControllerTest]: class path resource [com/awesomedev/bankonet/controllers/UserControllerTestContext.groovy] does not exist
09:46:00.040 [main] INFO org.springframework.test.context.support.AbstractContextLoader - Could not detect default resource locations for test class [com.awesomedev.bankonet.controllers.UserControllerTest]: no resource found for suffixes {-context.xml, Context.groovy}.
09:46:00.046 [main] INFO org.springframework.test.context.support.AnnotationConfigContextLoaderUtils - Could not detect default configuration classes for test class [com.awesomedev.bankonet.controllers.UserControllerTest]: UserControllerTest does not declare any static, non-private, non-final, nested classes annotated with @Configuration.
09:46:00.585 [main] DEBUG org.springframework.test.context.support.ActiveProfilesUtils - Could not find an 'annotation declaring class' for annotation type [org.springframework.test.context.ActiveProfiles] and class [com.awesomedev.bankonet.controllers.UserControllerTest]
09:46:01.617 [main] DEBUG org.springframework.context.annotation.ClassPathScanningCandidateComponentProvider - Identified candidate component class: file [/var/jenkins_home/workspace/bankonet tests/target/classes/com/awesomedev/bankonet/App.class]
09:46:01.657 [main] INFO org.springframework.boot.test.context.SpringBootTestContextBootstrapper - Found @SpringBootConfiguration com.awesomedev.bankonet.App for test class com.awesomedev.bankonet.controllers.UserControllerTest
09:46:02.802 [main] DEBUG org.springframework.boot.test.context.SpringBootTestContextBootstrapper - @TestExecutionListeners is not present for class [com.awesomedev.bankonet.controllers.UserControllerTest]: using defaults.
09:46:02.821 [main] INFO org.springframework.boot.test.context.SpringBootTestContextBootstrapper - Loaded default TestExecutionListener class names from location [META-INF/spring.factories]: [org.springframework.boot.test.mock.mockito.MockitoTestExecutionListener, org.springframework.boot.test.mock.mockito.ResetMocksTestExecutionListener, org.springframework.boot.test.autoconfigure.restdocs.RestDocsTestExecutionListener, org.springframework.boot.test.autoconfigure.web.client.MockRestServiceServerResetTestExecutionListener, org.springframework.boot.test.autoconfigure.web.servlet.MockMvcPrintOnlyOnFailureTestExecutionListener, org.springframework.boot.test.autoconfigure.web.servlet.WebDriverTestExecutionListener, org.springframework.test.context.web.ServletTestExecutionListener, org.springframework.test.context.support.DirtiesContextBeforeModesTestExecutionListener, org.springframework.test.context.support.DependencyInjectionTestExecutionListener, org.springframework.test.context.support.DirtiesContextTestExecutionListener, org.springframework.test.context.transaction.TransactionalTestExecutionListener, org.springframework.test.context.jdbc.SqlScriptsTestExecutionListener]
09:46:03.071 [main] INFO org.springframework.boot.test.context.SpringBootTestContextBootstrapper - Using TestExecutionListeners: [org.springframework.test.context.web.ServletTestExecutionListener@2e952845, org.springframework.test.context.support.DirtiesContextBeforeModesTestExecutionListener@79252c83, org.springframework.boot.test.mock.mockito.MockitoTestExecutionListener@6fbf5db2, org.springframework.boot.test.autoconfigure.SpringBootDependencyInjectionTestExecutionListener@509a6095, org.springframework.test.context.support.DirtiesContextTestExecutionListener@57cabdc3, org.springframework.test.context.transaction.TransactionalTestExecutionListener@75bd28d, org.springframework.test.context.jdbc.SqlScriptsTestExecutionListener@129c4d19, org.springframework.boot.test.mock.mockito.ResetMocksTestExecutionListener@11810917, org.springframework.boot.test.autoconfigure.restdocs.RestDocsTestExecutionListener@13278a41, org.springframework.boot.test.autoconfigure.web.client.MockRestServiceServerResetTestExecutionListener@4a31ed12, org.springframework.boot.test.autoconfigure.web.servlet.MockMvcPrintOnlyOnFailureTestExecutionListener@3ab595c8, org.springframework.boot.test.autoconfigure.web.servlet.WebDriverTestExecutionListener@2365ea38]
09:46:03.092 [main] DEBUG org.springframework.test.annotation.ProfileValueUtils - Retrieved @ProfileValueSourceConfiguration [null] for test class [com.awesomedev.bankonet.controllers.UserControllerTest]
09:46:03.105 [main] DEBUG org.springframework.test.annotation.ProfileValueUtils - Retrieved ProfileValueSource type [class org.springframework.test.annotation.SystemProfileValueSource] for class [com.awesomedev.bankonet.controllers.UserControllerTest]
09:46:03.107 [main] DEBUG org.springframework.test.annotation.ProfileValueUtils - Retrieved @ProfileValueSourceConfiguration [null] for test class [com.awesomedev.bankonet.controllers.UserControllerTest]
09:46:03.116 [main] DEBUG org.springframework.test.annotation.ProfileValueUtils - Retrieved ProfileValueSource type [class org.springframework.test.annotation.SystemProfileValueSource] for class [com.awesomedev.bankonet.controllers.UserControllerTest]
09:46:03.124 [main] DEBUG org.springframework.test.annotation.ProfileValueUtils - Retrieved @ProfileValueSourceConfiguration [null] for test class [com.awesomedev.bankonet.controllers.UserControllerTest]
09:46:03.125 [main] DEBUG org.springframework.test.annotation.ProfileValueUtils - Retrieved ProfileValueSource type [class org.springframework.test.annotation.SystemProfileValueSource] for class [com.awesomedev.bankonet.controllers.UserControllerTest]
09:46:03.162 [main] DEBUG org.springframework.test.context.support.AbstractDirtiesContextTestExecutionListener - Before test class: context [DefaultTestContext@5384ce66 testClass = UserControllerTest, testInstance = [null], testMethod = [null], testException = [null], mergedContextConfiguration = [WebMergedContextConfiguration@6b42e36d testClass = UserControllerTest, locations = '{}', classes = '{class com.awesomedev.bankonet.App}', contextInitializerClasses = '[]', activeProfiles = '{}', propertySourceLocations = '{}', propertySourceProperties = '{org.springframework.boot.test.context.SpringBootTestContextBootstrapper=true}', contextCustomizers = set[[ImportsContextCustomizer@13192275 key = [org.springframework.boot.test.autoconfigure.web.servlet.MockMvcAutoConfiguration, org.springframework.boot.test.autoconfigure.web.servlet.MockMvcSecurityAutoConfiguration, org.springframework.boot.test.autoconfigure.web.servlet.MockMvcWebClientAutoConfiguration, org.springframework.boot.test.autoconfigure.web.servlet.MockMvcWebDriverAutoConfiguration]], org.springframework.boot.test.context.filter.ExcludeFilterContextCustomizer@5fc930f0, org.springframework.boot.test.json.DuplicateJsonObjectContextCustomizerFactory$DuplicateJsonObjectContextCustomizer@7c2312fa, org.springframework.boot.test.mock.mockito.MockitoContextCustomizer@0, org.springframework.boot.test.web.client.TestRestTemplateContextCustomizer@455824ad, org.springframework.boot.test.autoconfigure.properties.PropertyMappingContextCustomizer@e7e8512, org.springframework.boot.test.autoconfigure.web.servlet.WebDriverContextCustomizerFactory$Customizer@c6da8bb], resourceBasePath = 'src/main/webapp', contextLoader = 'org.springframework.boot.test.context.SpringBootContextLoader', parent = [null]], attributes = map['org.springframework.test.context.web.ServletTestExecutionListener.activateListener' -> true]], class annotated with @DirtiesContext [false] with mode [null].
09:46:03.180 [main] DEBUG org.springframework.test.annotation.ProfileValueUtils - Retrieved @ProfileValueSourceConfiguration [null] for test class [com.awesomedev.bankonet.controllers.UserControllerTest]
09:46:03.181 [main] DEBUG org.springframework.test.annotation.ProfileValueUtils - Retrieved ProfileValueSource type [class org.springframework.test.annotation.SystemProfileValueSource] for class [com.awesomedev.bankonet.controllers.UserControllerTest]
09:46:03.417 [main] DEBUG org.springframework.test.context.support.TestPropertySourceUtils - Adding inlined properties to environment: {spring.jmx.enabled=false, org.springframework.boot.test.context.SpringBootTestContextBootstrapper=true, server.port=-1}

  .   ____          _            __ _ _
 /\\ / ___'_ __ _ _(_)_ __  __ _ \ \ \ \
( ( )\___ | '_ | '_| | '_ \/ _` | \ \ \ \
 \\/  ___)| |_)| | | | | || (_| |  ) ) ) )
  '  |____| .__|_| |_|_| |_\__, | / / / /
 =========|_|==============|___/=/_/_/_/
 :: Spring Boot ::        (v2.1.6.RELEASE)

2019-12-03 09:46:06.128  INFO 4059 --- [           main] c.a.b.controllers.UserControllerTest     : Starting UserControllerTest on 70cccd6bc6f4 with PID 4059 (started by jenkins in /var/jenkins_home/workspace/bankonet tests)
2019-12-03 09:46:06.145  INFO 4059 --- [           main] c.a.b.controllers.UserControllerTest     : No active profile set, falling back to default profiles: default
2019-12-03 09:46:14.041  INFO 4059 --- [           main] .s.d.r.c.RepositoryConfigurationDelegate : Bootstrapping Spring Data repositories in DEFAULT mode.
2019-12-03 09:46:14.942  INFO 4059 --- [           main] .s.d.r.c.RepositoryConfigurationDelegate : Finished Spring Data repository scanning in 807ms. Found 2 repository interfaces.
2019-12-03 09:46:19.015  INFO 4059 --- [           main] trationDelegate$BeanPostProcessorChecker : Bean 'org.springframework.transaction.annotation.ProxyTransactionManagementConfiguration' of type [org.springframework.transaction.annotation.ProxyTransactionManagementConfiguration$$EnhancerBySpringCGLIB$$65316c64] is not eligible for getting processed by all BeanPostProcessors (for example: not eligible for auto-proxying)
2019-12-03 09:46:21.749  INFO 4059 --- [           main] com.zaxxer.hikari.HikariDataSource       : HikariPool-1 - Starting...
2019-12-03 09:46:23.550  INFO 4059 --- [           main] com.zaxxer.hikari.HikariDataSource       : HikariPool-1 - Start completed.
2019-12-03 09:46:24.292  INFO 4059 --- [           main] o.hibernate.jpa.internal.util.LogHelper  : HHH000204: Processing PersistenceUnitInfo [
	name: default
	...]
2019-12-03 09:46:25.241  INFO 4059 --- [           main] org.hibernate.Version                    : HHH000412: Hibernate Core {5.3.10.Final}
2019-12-03 09:46:25.254  INFO 4059 --- [           main] org.hibernate.cfg.Environment            : HHH000206: hibernate.properties not found
2019-12-03 09:46:26.698  INFO 4059 --- [           main] o.hibernate.annotations.common.Version   : HCANN000001: Hibernate Commons Annotations {5.0.4.Final}
2019-12-03 09:46:31.405  INFO 4059 --- [           main] org.hibernate.dialect.Dialect            : HHH000400: Using dialect: org.hibernate.dialect.H2Dialect
2019-12-03 09:46:41.468  INFO 4059 --- [           main] o.h.t.schema.internal.SchemaCreatorImpl  : HHH000476: Executing import script 'org.hibernate.tool.schema.internal.exec.ScriptSourceInputNonExistentImpl@cd3ea35'
2019-12-03 09:46:41.526  INFO 4059 --- [           main] j.LocalContainerEntityManagerFactoryBean : Initialized JPA EntityManagerFactory for persistence unit 'default'
2019-12-03 09:46:51.721  INFO 4059 --- [           main] o.s.s.concurrent.ThreadPoolTaskExecutor  : Initializing ExecutorService 'applicationTaskExecutor'
2019-12-03 09:46:52.277  WARN 4059 --- [           main] aWebConfiguration$JpaWebMvcConfiguration : spring.jpa.open-in-view is enabled by default. Therefore, database queries may be performed during view rendering. Explicitly configure spring.jpa.open-in-view to disable this warning
2019-12-03 09:46:59.246  INFO 4059 --- [           main] o.s.b.t.m.w.SpringBootMockServletContext : Initializing Spring TestDispatcherServlet ''
2019-12-03 09:46:59.246  INFO 4059 --- [           main] o.s.t.web.servlet.TestDispatcherServlet  : Initializing Servlet ''
2019-12-03 09:46:59.377  INFO 4059 --- [           main] o.s.b.a.e.web.EndpointLinksResolver      : Exposing 2 endpoint(s) beneath base path '/actuator'
2019-12-03 09:46:59.511  INFO 4059 --- [           main] o.s.t.web.servlet.TestDispatcherServlet  : Completed initialization in 264 ms
2019-12-03 09:46:59.724  INFO 4059 --- [           main] c.a.b.controllers.UserControllerTest     : Started UserControllerTest in 56.246 seconds (JVM running for 65.902)
2019-12-03 09:47:01.067  INFO 4059 --- [           main] o.h.h.i.QueryTranslatorFactoryInitiator  : HHH000397: Using ASTQueryTranslatorFactory
===========================================
[]
GOOD
''''''''''''''''''''''''''''''''''''''''''''''''''
''''''''''''''''''''''''''''''''''''''''''''''''''
''''''''''''''''''''''''''''''''''''''''''''''''''
''''''''''''''''''''''''''''''''''''''''''''''''''
''''''''''''''''''''''''''''''''''''''''''''''''''
''''''''''''''''''''''''''''''''''''''''''''''''''
''''''''''''''''''''''''''''''''''''''''''''''''''
''''''''''''''''''''''''''''''''''''''''''''''''''
''''''''''''''''''''''''''''''''''''''''''''''''''
''''''''''''''''''''''''''''''''''''''''''''''''''
''''''''''''''''''''''''''''''''''''''''''''''''''
[Ljava.lang.String;@34bee06
===========================================
[]
GOOD
===========================================
[]
GOOD
[INFO] Tests run: 3, Failures: 0, Errors: 0, Skipped: 0, Time elapsed: 65.654 s - in com.awesomedev.bankonet.controllers.UserControllerTest
[INFO] Running com.awesomedev.bankonet.Models.ClientTest
2019-12-03 09:47:04.350  INFO 4059 --- [           main] o.s.t.c.s.DefaultTestContextBootstrapper : Neither @ContextConfiguration nor @ContextHierarchy found for test class [com.awesomedev.bankonet.Models.ClientTest], using DelegatingSmartContextLoader
2019-12-03 09:47:04.360  INFO 4059 --- [           main] o.s.t.c.support.AbstractContextLoader    : Could not detect default resource locations for test class [com.awesomedev.bankonet.Models.ClientTest]: no resource found for suffixes {-context.xml}.
2019-12-03 09:47:04.361  INFO 4059 --- [           main] t.c.s.AnnotationConfigContextLoaderUtils : Could not detect default configuration classes for test class [com.awesomedev.bankonet.Models.ClientTest]: ClientTest does not declare any static, non-private, non-final, nested classes annotated with @Configuration.
2019-12-03 09:47:04.363  INFO 4059 --- [           main] o.s.t.c.s.DefaultTestContextBootstrapper : Loaded default TestExecutionListener class names from location [META-INF/spring.factories]: [org.springframework.boot.test.mock.mockito.MockitoTestExecutionListener, org.springframework.boot.test.mock.mockito.ResetMocksTestExecutionListener, org.springframework.boot.test.autoconfigure.restdocs.RestDocsTestExecutionListener, org.springframework.boot.test.autoconfigure.web.client.MockRestServiceServerResetTestExecutionListener, org.springframework.boot.test.autoconfigure.web.servlet.MockMvcPrintOnlyOnFailureTestExecutionListener, org.springframework.boot.test.autoconfigure.web.servlet.WebDriverTestExecutionListener, org.springframework.test.context.web.ServletTestExecutionListener, org.springframework.test.context.support.DirtiesContextBeforeModesTestExecutionListener, org.springframework.test.context.support.DependencyInjectionTestExecutionListener, org.springframework.test.context.support.DirtiesContextTestExecutionListener, org.springframework.test.context.transaction.TransactionalTestExecutionListener, org.springframework.test.context.jdbc.SqlScriptsTestExecutionListener]
2019-12-03 09:47:04.364  INFO 4059 --- [           main] o.s.t.c.s.DefaultTestContextBootstrapper : Using TestExecutionListeners: [org.springframework.test.context.web.ServletTestExecutionListener@2140046, org.springframework.test.context.support.DirtiesContextBeforeModesTestExecutionListener@3c8af98c, org.springframework.boot.test.mock.mockito.MockitoTestExecutionListener@218cb20a, org.springframework.test.context.support.DependencyInjectionTestExecutionListener@42bb3431, org.springframework.test.context.support.DirtiesContextTestExecutionListener@600f1a10, org.springframework.test.context.transaction.TransactionalTestExecutionListener@ba2d904, org.springframework.test.context.jdbc.SqlScriptsTestExecutionListener@4f7a2698, org.springframework.boot.test.mock.mockito.ResetMocksTestExecutionListener@54fb99fa, org.springframework.boot.test.autoconfigure.restdocs.RestDocsTestExecutionListener@4cbcd6ef, org.springframework.boot.test.autoconfigure.web.client.MockRestServiceServerResetTestExecutionListener@51cb5c85, org.springframework.boot.test.autoconfigure.web.servlet.MockMvcPrintOnlyOnFailureTestExecutionListener@4f9beec2, org.springframework.boot.test.autoconfigure.web.servlet.WebDriverTestExecutionListener@47278a82]
[INFO] Tests run: 3, Failures: 0, Errors: 0, Skipped: 0, Time elapsed: 0.09 s - in com.awesomedev.bankonet.Models.ClientTest
[INFO] Running com.awesomedev.bankonet.Models.CompteCourantTest
2019-12-03 09:47:04.434  INFO 4059 --- [           main] o.s.t.c.s.DefaultTestContextBootstrapper : Neither @ContextConfiguration nor @ContextHierarchy found for test class [com.awesomedev.bankonet.Models.CompteCourantTest], using DelegatingSmartContextLoader
2019-12-03 09:47:04.440  INFO 4059 --- [           main] o.s.t.c.support.AbstractContextLoader    : Could not detect default resource locations for test class [com.awesomedev.bankonet.Models.CompteCourantTest]: no resource found for suffixes {-context.xml}.
2019-12-03 09:47:04.442  INFO 4059 --- [           main] t.c.s.AnnotationConfigContextLoaderUtils : Could not detect default configuration classes for test class [com.awesomedev.bankonet.Models.CompteCourantTest]: CompteCourantTest does not declare any static, non-private, non-final, nested classes annotated with @Configuration.
2019-12-03 09:47:04.455  INFO 4059 --- [           main] o.s.t.c.s.DefaultTestContextBootstrapper : Loaded default TestExecutionListener class names from location [META-INF/spring.factories]: [org.springframework.boot.test.mock.mockito.MockitoTestExecutionListener, org.springframework.boot.test.mock.mockito.ResetMocksTestExecutionListener, org.springframework.boot.test.autoconfigure.restdocs.RestDocsTestExecutionListener, org.springframework.boot.test.autoconfigure.web.client.MockRestServiceServerResetTestExecutionListener, org.springframework.boot.test.autoconfigure.web.servlet.MockMvcPrintOnlyOnFailureTestExecutionListener, org.springframework.boot.test.autoconfigure.web.servlet.WebDriverTestExecutionListener, org.springframework.test.context.web.ServletTestExecutionListener, org.springframework.test.context.support.DirtiesContextBeforeModesTestExecutionListener, org.springframework.test.context.support.DependencyInjectionTestExecutionListener, org.springframework.test.context.support.DirtiesContextTestExecutionListener, org.springframework.test.context.transaction.TransactionalTestExecutionListener, org.springframework.test.context.jdbc.SqlScriptsTestExecutionListener]
2019-12-03 09:47:04.467  INFO 4059 --- [           main] o.s.t.c.s.DefaultTestContextBootstrapper : Using TestExecutionListeners: [org.springframework.test.context.web.ServletTestExecutionListener@5072ccca, org.springframework.test.context.support.DirtiesContextBeforeModesTestExecutionListener@5c8e9420, org.springframework.boot.test.mock.mockito.MockitoTestExecutionListener@1139eeef, org.springframework.test.context.support.DependencyInjectionTestExecutionListener@5ebfe3b3, org.springframework.test.context.support.DirtiesContextTestExecutionListener@186d7032, org.springframework.test.context.transaction.TransactionalTestExecutionListener@306ac88b, org.springframework.test.context.jdbc.SqlScriptsTestExecutionListener@6efa16ff, org.springframework.boot.test.mock.mockito.ResetMocksTestExecutionListener@4f79d2e8, org.springframework.boot.test.autoconfigure.restdocs.RestDocsTestExecutionListener@3ce6c7d5, org.springframework.boot.test.autoconfigure.web.client.MockRestServiceServerResetTestExecutionListener@5aae6e52, org.springframework.boot.test.autoconfigure.web.servlet.MockMvcPrintOnlyOnFailureTestExecutionListener@64ddd616, org.springframework.boot.test.autoconfigure.web.servlet.WebDriverTestExecutionListener@6532b6f7]
==========================================================
==========================================================
==========================================================
==========================================================
[INFO] Tests run: 4, Failures: 0, Errors: 0, Skipped: 0, Time elapsed: 0.059 s - in com.awesomedev.bankonet.Models.CompteCourantTest
[INFO] Running com.awesomedev.bankonet.services.UserServiceTest
2019-12-03 09:47:04.554  INFO 4059 --- [           main] .b.t.c.SpringBootTestContextBootstrapper : Neither @ContextConfiguration nor @ContextHierarchy found for test class [com.awesomedev.bankonet.services.UserServiceTest], using SpringBootContextLoader
2019-12-03 09:47:04.599  INFO 4059 --- [           main] o.s.t.c.support.AbstractContextLoader    : Could not detect default resource locations for test class [com.awesomedev.bankonet.services.UserServiceTest]: no resource found for suffixes {-context.xml, Context.groovy}.
2019-12-03 09:47:04.600  INFO 4059 --- [           main] t.c.s.AnnotationConfigContextLoaderUtils : Could not detect default configuration classes for test class [com.awesomedev.bankonet.services.UserServiceTest]: UserServiceTest does not declare any static, non-private, non-final, nested classes annotated with @Configuration.
2019-12-03 09:47:04.656  INFO 4059 --- [           main] .b.t.c.SpringBootTestContextBootstrapper : Found @SpringBootConfiguration com.awesomedev.bankonet.App for test class com.awesomedev.bankonet.services.UserServiceTest
2019-12-03 09:47:04.663  INFO 4059 --- [           main] .b.t.c.SpringBootTestContextBootstrapper : Loaded default TestExecutionListener class names from location [META-INF/spring.factories]: [org.springframework.boot.test.mock.mockito.MockitoTestExecutionListener, org.springframework.boot.test.mock.mockito.ResetMocksTestExecutionListener, org.springframework.boot.test.autoconfigure.restdocs.RestDocsTestExecutionListener, org.springframework.boot.test.autoconfigure.web.client.MockRestServiceServerResetTestExecutionListener, org.springframework.boot.test.autoconfigure.web.servlet.MockMvcPrintOnlyOnFailureTestExecutionListener, org.springframework.boot.test.autoconfigure.web.servlet.WebDriverTestExecutionListener, org.springframework.test.context.web.ServletTestExecutionListener, org.springframework.test.context.support.DirtiesContextBeforeModesTestExecutionListener, org.springframework.test.context.support.DependencyInjectionTestExecutionListener, org.springframework.test.context.support.DirtiesContextTestExecutionListener, org.springframework.test.context.transaction.TransactionalTestExecutionListener, org.springframework.test.context.jdbc.SqlScriptsTestExecutionListener]
2019-12-03 09:47:04.668  INFO 4059 --- [           main] .b.t.c.SpringBootTestContextBootstrapper : Using TestExecutionListeners: [org.springframework.test.context.web.ServletTestExecutionListener@3c889efd, org.springframework.test.context.support.DirtiesContextBeforeModesTestExecutionListener@61af1a9c, org.springframework.boot.test.mock.mockito.MockitoTestExecutionListener@6032d904, org.springframework.boot.test.autoconfigure.SpringBootDependencyInjectionTestExecutionListener@8cf2ebc, org.springframework.test.context.support.DirtiesContextTestExecutionListener@7048362e, org.springframework.test.context.transaction.TransactionalTestExecutionListener@69aab941, org.springframework.test.context.jdbc.SqlScriptsTestExecutionListener@1fa6a789, org.springframework.boot.test.mock.mockito.ResetMocksTestExecutionListener@6eedd00f, org.springframework.boot.test.autoconfigure.restdocs.RestDocsTestExecutionListener@5f2572ba, org.springframework.boot.test.autoconfigure.web.client.MockRestServiceServerResetTestExecutionListener@63f9b8ae, org.springframework.boot.test.autoconfigure.web.servlet.MockMvcPrintOnlyOnFailureTestExecutionListener@4949c1b7, org.springframework.boot.test.autoconfigure.web.servlet.WebDriverTestExecutionListener@49a40d39]

  .   ____          _            __ _ _
 /\\ / ___'_ __ _ _(_)_ __  __ _ \ \ \ \
( ( )\___ | '_ | '_| | '_ \/ _` | \ \ \ \
 \\/  ___)| |_)| | | | | || (_| |  ) ) ) )
  '  |____| .__|_| |_|_| |_\__, | / / / /
 =========|_|==============|___/=/_/_/_/
 :: Spring Boot ::        (v2.1.6.RELEASE)

2019-12-03 09:47:05.217  INFO 4059 --- [           main] c.a.bankonet.services.UserServiceTest    : Starting UserServiceTest on 70cccd6bc6f4 with PID 4059 (started by jenkins in /var/jenkins_home/workspace/bankonet tests)
2019-12-03 09:47:05.221  INFO 4059 --- [           main] c.a.bankonet.services.UserServiceTest    : No active profile set, falling back to default profiles: default
2019-12-03 09:47:07.858  INFO 4059 --- [           main] .s.d.r.c.RepositoryConfigurationDelegate : Bootstrapping Spring Data repositories in DEFAULT mode.
2019-12-03 09:47:08.299  INFO 4059 --- [           main] .s.d.r.c.RepositoryConfigurationDelegate : Finished Spring Data repository scanning in 439ms. Found 2 repository interfaces.
2019-12-03 09:47:08.818  INFO 4059 --- [           main] trationDelegate$BeanPostProcessorChecker : Bean 'org.springframework.transaction.annotation.ProxyTransactionManagementConfiguration' of type [org.springframework.transaction.annotation.ProxyTransactionManagementConfiguration$$EnhancerBySpringCGLIB$$65316c64] is not eligible for getting processed by all BeanPostProcessors (for example: not eligible for auto-proxying)
2019-12-03 09:47:09.168  INFO 4059 --- [           main] com.zaxxer.hikari.HikariDataSource       : HikariPool-2 - Starting...
2019-12-03 09:47:09.177  INFO 4059 --- [           main] com.zaxxer.hikari.HikariDataSource       : HikariPool-2 - Start completed.
2019-12-03 09:47:09.304  INFO 4059 --- [           main] o.hibernate.jpa.internal.util.LogHelper  : HHH000204: Processing PersistenceUnitInfo [
	name: default
	...]
2019-12-03 09:47:09.403  INFO 4059 --- [           main] org.hibernate.dialect.Dialect            : HHH000400: Using dialect: org.hibernate.dialect.H2Dialect
2019-12-03 09:47:09.626  INFO 4059 --- [           main] o.h.t.schema.internal.SchemaCreatorImpl  : HHH000476: Executing import script 'org.hibernate.tool.schema.internal.exec.ScriptSourceInputNonExistentImpl@cd3ea35'
2019-12-03 09:47:09.627  INFO 4059 --- [           main] j.LocalContainerEntityManagerFactoryBean : Initialized JPA EntityManagerFactory for persistence unit 'default'
2019-12-03 09:47:11.440  INFO 4059 --- [           main] o.s.s.concurrent.ThreadPoolTaskExecutor  : Initializing ExecutorService 'applicationTaskExecutor'
2019-12-03 09:47:11.545  WARN 4059 --- [           main] aWebConfiguration$JpaWebMvcConfiguration : spring.jpa.open-in-view is enabled by default. Therefore, database queries may be performed during view rendering. Explicitly configure spring.jpa.open-in-view to disable this warning
2019-12-03 09:47:14.020  INFO 4059 --- [           main] o.s.b.a.e.web.EndpointLinksResolver      : Exposing 2 endpoint(s) beneath base path '/actuator'
2019-12-03 09:47:14.201  INFO 4059 --- [           main] c.a.bankonet.services.UserServiceTest    : Started UserServiceTest in 9.526 seconds (JVM running for 80.38)
2019-12-03 09:47:14.283  INFO 4059 --- [           main] o.s.t.c.transaction.TransactionContext   : Began transaction (1) for test context [DefaultTestContext@54795c49 testClass = UserServiceTest, testInstance = com.awesomedev.bankonet.services.UserServiceTest@420bdcac, testMethod = testIndex@UserServiceTest, testException = [null], mergedContextConfiguration = [WebMergedContextConfiguration@41a0f242 testClass = UserServiceTest, locations = '{}', classes = '{class com.awesomedev.bankonet.App}', contextInitializerClasses = '[]', activeProfiles = '{}', propertySourceLocations = '{}', propertySourceProperties = '{org.springframework.boot.test.context.SpringBootTestContextBootstrapper=true}', contextCustomizers = set[org.springframework.boot.test.context.filter.ExcludeFilterContextCustomizer@5fc930f0, org.springframework.boot.test.json.DuplicateJsonObjectContextCustomizerFactory$DuplicateJsonObjectContextCustomizer@7c2312fa, org.springframework.boot.test.mock.mockito.MockitoContextCustomizer@0, org.springframework.boot.test.web.client.TestRestTemplateContextCustomizer@455824ad, org.springframework.boot.test.autoconfigure.properties.PropertyMappingContextCustomizer@0, org.springframework.boot.test.autoconfigure.web.servlet.WebDriverContextCustomizerFactory$Customizer@c6da8bb], resourceBasePath = 'src/main/webapp', contextLoader = 'org.springframework.boot.test.context.SpringBootContextLoader', parent = [null]], attributes = map['org.springframework.test.context.web.ServletTestExecutionListener.activateListener' -> true, 'org.springframework.test.context.web.ServletTestExecutionListener.populatedRequestContextHolder' -> true, 'org.springframework.test.context.web.ServletTestExecutionListener.resetRequestContextHolder' -> true]]; transaction manager [org.springframework.orm.jpa.JpaTransactionManager@49f380ea]; rollback [true]
2019-12-03 09:47:14.293  INFO 4059 --- [           main] o.h.h.i.QueryTranslatorFactoryInitiator  : HHH000397: Using ASTQueryTranslatorFactory
2019-12-03 09:47:14.378  INFO 4059 --- [           main] o.s.t.c.transaction.TransactionContext   : Rolled back transaction for test: [DefaultTestContext@54795c49 testClass = UserServiceTest, testInstance = com.awesomedev.bankonet.services.UserServiceTest@420bdcac, testMethod = testIndex@UserServiceTest, testException = [null], mergedContextConfiguration = [WebMergedContextConfiguration@41a0f242 testClass = UserServiceTest, locations = '{}', classes = '{class com.awesomedev.bankonet.App}', contextInitializerClasses = '[]', activeProfiles = '{}', propertySourceLocations = '{}', propertySourceProperties = '{org.springframework.boot.test.context.SpringBootTestContextBootstrapper=true}', contextCustomizers = set[org.springframework.boot.test.context.filter.ExcludeFilterContextCustomizer@5fc930f0, org.springframework.boot.test.json.DuplicateJsonObjectContextCustomizerFactory$DuplicateJsonObjectContextCustomizer@7c2312fa, org.springframework.boot.test.mock.mockito.MockitoContextCustomizer@0, org.springframework.boot.test.web.client.TestRestTemplateContextCustomizer@455824ad, org.springframework.boot.test.autoconfigure.properties.PropertyMappingContextCustomizer@0, org.springframework.boot.test.autoconfigure.web.servlet.WebDriverContextCustomizerFactory$Customizer@c6da8bb], resourceBasePath = 'src/main/webapp', contextLoader = 'org.springframework.boot.test.context.SpringBootContextLoader', parent = [null]], attributes = map['org.springframework.test.context.web.ServletTestExecutionListener.activateListener' -> true, 'org.springframework.test.context.web.ServletTestExecutionListener.populatedRequestContextHolder' -> true, 'org.springframework.test.context.web.ServletTestExecutionListener.resetRequestContextHolder' -> true]]
===========================================
[]
GOOD
''''''''''''''''''''''''''''''''''''''''''''''''''
''''''''''''''''''''''''''''''''''''''''''''''''''
''''''''''''''''''''''''''''''''''''''''''''''''''
''''''''''''''''''''''''''''''''''''''''''''''''''
''''''''''''''''''''''''''''''''''''''''''''''''''
''''''''''''''''''''''''''''''''''''''''''''''''''
''''''''''''''''''''''''''''''''''''''''''''''''''
''''''''''''''''''''''''''''''''''''''''''''''''''
''''''''''''''''''''''''''''''''''''''''''''''''''
''''''''''''''''''''''''''''''''''''''''''''''''''
''''''''''''''''''''''''''''''''''''''''''''''''''
[Ljava.lang.String;@18853777
===========================================
[]
GOOD
===========================================
[]
GOOD
[INFO] Tests run: 3, Failures: 0, Errors: 0, Skipped: 0, Time elapsed: 9.962 s - in com.awesomedev.bankonet.services.UserServiceTest
2019-12-03 09:47:14.653  INFO 4059 --- [       Thread-8] o.s.s.concurrent.ThreadPoolTaskExecutor  : Shutting down ExecutorService 'applicationTaskExecutor'
2019-12-03 09:47:14.649  INFO 4059 --- [       Thread-5] o.s.s.concurrent.ThreadPoolTaskExecutor  : Shutting down ExecutorService 'applicationTaskExecutor'
2019-12-03 09:47:14.975  INFO 4059 --- [       Thread-5] j.LocalContainerEntityManagerFactoryBean : Closing JPA EntityManagerFactory for persistence unit 'default'
2019-12-03 09:47:14.978  INFO 4059 --- [       Thread-8] j.LocalContainerEntityManagerFactoryBean : Closing JPA EntityManagerFactory for persistence unit 'default'
2019-12-03 09:47:14.979  INFO 4059 --- [       Thread-8] .SchemaDropperImpl$DelayedDropActionImpl : HHH000477: Starting delayed evictData of schema as part of SessionFactory shut-down'
2019-12-03 09:47:14.980  INFO 4059 --- [       Thread-5] .SchemaDropperImpl$DelayedDropActionImpl : HHH000477: Starting delayed evictData of schema as part of SessionFactory shut-down'
2019-12-03 09:47:15.034  INFO 4059 --- [       Thread-5] o.s.b.f.support.DisposableBeanAdapter    : Invocation of destroy method failed on bean with name 'inMemoryDatabaseShutdownExecutor': org.h2.jdbc.JdbcSQLException: Database is already closed (to disable automatic closing at VM shutdown, add ";DB_CLOSE_ON_EXIT=FALSE" to the db URL) [90121-194]
2019-12-03 09:47:15.034  INFO 4059 --- [       Thread-5] com.zaxxer.hikari.HikariDataSource       : HikariPool-1 - Shutdown initiated...
2019-12-03 09:47:15.037  INFO 4059 --- [       Thread-8] o.s.b.f.support.DisposableBeanAdapter    : Invocation of destroy method failed on bean with name 'inMemoryDatabaseShutdownExecutor': org.h2.jdbc.JdbcSQLException: Database is already closed (to disable automatic closing at VM shutdown, add ";DB_CLOSE_ON_EXIT=FALSE" to the db URL) [90121-194]
2019-12-03 09:47:15.040  INFO 4059 --- [       Thread-8] com.zaxxer.hikari.HikariDataSource       : HikariPool-2 - Shutdown initiated...
2019-12-03 09:47:15.060  INFO 4059 --- [       Thread-5] com.zaxxer.hikari.HikariDataSource       : HikariPool-1 - Shutdown completed.
2019-12-03 09:47:15.063  INFO 4059 --- [       Thread-8] com.zaxxer.hikari.HikariDataSource       : HikariPool-2 - Shutdown completed.
[INFO] 
[INFO] Results:
[INFO] 
[INFO] Tests run: 14, Failures: 0, Errors: 0, Skipped: 0
[INFO] 
[INFO] ------------------------------------------------------------------------
[INFO] BUILD SUCCESS
[INFO] ------------------------------------------------------------------------
[INFO] Total time:  02:03 min
[INFO] Finished at: 2019-12-03T09:47:15Z
[INFO] ------------------------------------------------------------------------
Finished: SUCCESS
